<?xml version='1.0' encoding='UTF-8' ?>
<testsuite name="com.fewstera.injectablemedicinesguide.database.tests.DatabaseHelperTest" tests="107" failures="0" errors="0" time="17.446" timestamp="2014-05-09T10:26:22" hostname="localhost">
  <properties device="Samsung Galaxy S4 - 4.3 - API 18 - 1080x1920 - 4.3" flavor="" project="app" />
  <testcase name="testCreateDrug" classname="com.fewstera.injectablemedicinesguide.database.tests.DatabaseHelperTest" time="0.127" />
  <testcase name="testCreateDrugCalcInfo" classname="com.fewstera.injectablemedicinesguide.database.tests.DatabaseHelperTest" time="0.102" />
  <testcase name="testCreateDrugIndex" classname="com.fewstera.injectablemedicinesguide.database.tests.DatabaseHelperTest" time="0.128" />
  <testcase name="testGetAllDrugIndexes" classname="com.fewstera.injectablemedicinesguide.database.tests.DatabaseHelperTest" time="0.103" />
  <testcase name="testGetAllDrugsWithCalcs" classname="com.fewstera.injectablemedicinesguide.database.tests.DatabaseHelperTest" time="0.102" />
  <testcase name="testGetDrugCalcInfoFromDrugId" classname="com.fewstera.injectablemedicinesguide.database.tests.DatabaseHelperTest" time="0.103" />
  <testcase name="testGetDrugFromId" classname="com.fewstera.injectablemedicinesguide.database.tests.DatabaseHelperTest" time="0.102" />
  <testcase name="testGetDrugInformationsFromDrugId" classname="com.fewstera.injectablemedicinesguide.database.tests.DatabaseHelperTest" time="0.076" />
  <testcase name="testTruncateAll" classname="com.fewstera.injectablemedicinesguide.database.tests.DatabaseHelperTest" time="0.128" />
  <testcase name="testTruncateCalcs" classname="com.fewstera.injectablemedicinesguide.database.tests.DatabaseHelperTest" time="0.101" />
  <testcase name="testTruncateIndexs" classname="com.fewstera.injectablemedicinesguide.database.tests.DatabaseHelperTest" time="0.102" />
  <testcase name="testGetConcentrationUnits" classname="com.fewstera.injectablemedicinesguide.models.DrugCalculatorInfoTest" time="0.0" />
  <testcase name="testGetDoseUnits" classname="com.fewstera.injectablemedicinesguide.models.DrugCalculatorInfoTest" time="0.0" />
  <testcase name="testGetDrugId" classname="com.fewstera.injectablemedicinesguide.models.DrugCalculatorInfoTest" time="0.0" />
  <testcase name="testGetInfusionRateLabel" classname="com.fewstera.injectablemedicinesguide.models.DrugCalculatorInfoTest" time="0.0" />
  <testcase name="testGetInfusionRateUnits" classname="com.fewstera.injectablemedicinesguide.models.DrugCalculatorInfoTest" time="0.0010" />
  <testcase name="testConstuct" classname="com.fewstera.injectablemedicinesguide.models.tests.DrugCalculatorInfoTest" time="0.0" />
  <testcase name="testGetAndSetConcentrationUnits" classname="com.fewstera.injectablemedicinesguide.models.tests.DrugCalculatorInfoTest" time="0.0" />
  <testcase name="testGetAndSetDoseUnits" classname="com.fewstera.injectablemedicinesguide.models.tests.DrugCalculatorInfoTest" time="0.0" />
  <testcase name="testGetAndSetDrugId" classname="com.fewstera.injectablemedicinesguide.models.tests.DrugCalculatorInfoTest" time="0.0" />
  <testcase name="testGetAndSetFactor" classname="com.fewstera.injectablemedicinesguide.models.tests.DrugCalculatorInfoTest" time="0.0" />
  <testcase name="testGetAndSetInfusionRateLabel" classname="com.fewstera.injectablemedicinesguide.models.tests.DrugCalculatorInfoTest" time="0.0" />
  <testcase name="testGetAndSetInfusionRateUnits" classname="com.fewstera.injectablemedicinesguide.models.tests.DrugCalculatorInfoTest" time="0.0" />
  <testcase name="testGetAndSetTimeRequired" classname="com.fewstera.injectablemedicinesguide.models.tests.DrugCalculatorInfoTest" time="0.0" />
  <testcase name="testGetAndSetWeightRequired" classname="com.fewstera.injectablemedicinesguide.models.tests.DrugCalculatorInfoTest" time="0.0" />
  <testcase name="testConstuct" classname="com.fewstera.injectablemedicinesguide.models.tests.DrugIndexTest" time="0.026" />
  <testcase name="testGetId" classname="com.fewstera.injectablemedicinesguide.models.tests.DrugIndexTest" time="0.0" />
  <testcase name="testGetName" classname="com.fewstera.injectablemedicinesguide.models.tests.DrugIndexTest" time="0.0" />
  <testcase name="testConstuct" classname="com.fewstera.injectablemedicinesguide.models.tests.DrugInformationTest" time="0.0" />
  <testcase name="testGetHeaderHelp" classname="com.fewstera.injectablemedicinesguide.models.tests.DrugInformationTest" time="0.0" />
  <testcase name="testGetHeaderText" classname="com.fewstera.injectablemedicinesguide.models.tests.DrugInformationTest" time="0.0" />
  <testcase name="testGetSectionText" classname="com.fewstera.injectablemedicinesguide.models.tests.DrugInformationTest" time="0.0" />
  <testcase name="testAddAndGetDrugInformation" classname="com.fewstera.injectablemedicinesguide.models.tests.DrugTest" time="0.0" />
  <testcase name="testConstuct" classname="com.fewstera.injectablemedicinesguide.models.tests.DrugTest" time="0.0" />
  <testcase name="testEmptyDrugInfos" classname="com.fewstera.injectablemedicinesguide.models.tests.DrugTest" time="0.0" />
  <testcase name="testGetAndSetId" classname="com.fewstera.injectablemedicinesguide.models.tests.DrugTest" time="0.0" />
  <testcase name="testGetAndSetName" classname="com.fewstera.injectablemedicinesguide.models.tests.DrugTest" time="0.0010" />
  <testcase name="testToString" classname="com.fewstera.injectablemedicinesguide.models.tests.DrugTest" time="0.0" />
  <testcase name="testConstuct" classname="com.fewstera.injectablemedicinesguide.tests.AuthTest" time="0.0" />
  <testcase name="testIsLogged" classname="com.fewstera.injectablemedicinesguide.tests.AuthTest" time="0.025" />
  <testcase name="testIsValid" classname="com.fewstera.injectablemedicinesguide.tests.AuthTest" time="0.155" />
  <testcase name="testLogout" classname="com.fewstera.injectablemedicinesguide.tests.AuthTest" time="0.026" />
  <testcase name="testPrepareUrl" classname="com.fewstera.injectablemedicinesguide.tests.AuthTest" time="0.0" />
  <testcase name="testSaveCredentialsAndGetters" classname="com.fewstera.injectablemedicinesguide.tests.AuthTest" time="0.0" />
  <testcase name="testSetCredentials" classname="com.fewstera.injectablemedicinesguide.tests.AuthTest" time="0.026" />
  <testcase name="testListOnScreen" classname="com.fewstera.injectablemedicinesguide.tests.BrowseDrugsActivityTest" time="0.456" />
  <testcase name="testListSize" classname="com.fewstera.injectablemedicinesguide.tests.BrowseDrugsActivityTest" time="0.41" />
  <testcase name="testPreconditions" classname="com.fewstera.injectablemedicinesguide.tests.BrowseDrugsActivityTest" time="0.383" />
  <testcase name="testSearchOnScreen" classname="com.fewstera.injectablemedicinesguide.tests.BrowseDrugsActivityTest" time="0.36" />
  <testcase name="testListOnScreen" classname="com.fewstera.injectablemedicinesguide.tests.CalcDrugSelectActivityTest" time="0.384" />
  <testcase name="testListSize" classname="com.fewstera.injectablemedicinesguide.tests.CalcDrugSelectActivityTest" time="0.382" />
  <testcase name="testPreconditions" classname="com.fewstera.injectablemedicinesguide.tests.CalcDrugSelectActivityTest" time="0.305" />
  <testcase name="testSearchOnScreen" classname="com.fewstera.injectablemedicinesguide.tests.CalcDrugSelectActivityTest" time="0.359" />
  <testcase name="testButton" classname="com.fewstera.injectablemedicinesguide.tests.CalculateActivityTest" time="0.559" />
  <testcase name="testConcentration" classname="com.fewstera.injectablemedicinesguide.tests.CalculateActivityTest" time="0.406" />
  <testcase name="testDose" classname="com.fewstera.injectablemedicinesguide.tests.CalculateActivityTest" time="0.585" />
  <testcase name="testDrugHeader" classname="com.fewstera.injectablemedicinesguide.tests.CalculateActivityTest" time="0.483" />
  <testcase name="testInfusionRate" classname="com.fewstera.injectablemedicinesguide.tests.CalculateActivityTest" time="0.511" />
  <testcase name="testPreconditions" classname="com.fewstera.injectablemedicinesguide.tests.CalculateActivityTest" time="0.382" />
  <testcase name="testSpinner" classname="com.fewstera.injectablemedicinesguide.tests.CalculateActivityTest" time="0.51" />
  <testcase name="testTime" classname="com.fewstera.injectablemedicinesguide.tests.CalculateActivityTest" time="0.459" />
  <testcase name="testWeight" classname="com.fewstera.injectablemedicinesguide.tests.CalculateActivityTest" time="0.332" />
  <testcase name="testAdrenalineCalcualtions" classname="com.fewstera.injectablemedicinesguide.tests.CalculatorTest" time="0.0" />
  <testcase name="testGlycerylTrinitrate" classname="com.fewstera.injectablemedicinesguide.tests.CalculatorTest" time="0.0" />
  <testcase name="testMidazolamCalcualtions" classname="com.fewstera.injectablemedicinesguide.tests.CalculatorTest" time="0.0" />
  <testcase name="testSetAndGetConcentration" classname="com.fewstera.injectablemedicinesguide.tests.CalculatorTest" time="0.0" />
  <testcase name="testSetAndGetDose" classname="com.fewstera.injectablemedicinesguide.tests.CalculatorTest" time="0.0" />
  <testcase name="testSetAndGetInfusionRate" classname="com.fewstera.injectablemedicinesguide.tests.CalculatorTest" time="0.0010" />
  <testcase name="testSetAndGetTime" classname="com.fewstera.injectablemedicinesguide.tests.CalculatorTest" time="0.0" />
  <testcase name="testSetAndGetType" classname="com.fewstera.injectablemedicinesguide.tests.CalculatorTest" time="0.0" />
  <testcase name="testSetAndGetWeight" classname="com.fewstera.injectablemedicinesguide.tests.CalculatorTest" time="0.0" />
  <testcase name="testValidateConcentration" classname="com.fewstera.injectablemedicinesguide.tests.CalculatorTest" time="0.0" />
  <testcase name="testValidateErrorDose" classname="com.fewstera.injectablemedicinesguide.tests.CalculatorTest" time="0.0" />
  <testcase name="testValidateErrorInfusionRate" classname="com.fewstera.injectablemedicinesguide.tests.CalculatorTest" time="0.0" />
  <testcase name="testValidateErrorWeight" classname="com.fewstera.injectablemedicinesguide.tests.CalculatorTest" time="0.0" />
  <testcase name="testValidateSuccess" classname="com.fewstera.injectablemedicinesguide.tests.CalculatorTest" time="0.0" />
  <testcase name="testValidateTime" classname="com.fewstera.injectablemedicinesguide.tests.CalculatorTest" time="0.0" />
  <testcase name="testValidateWarnWeight" classname="com.fewstera.injectablemedicinesguide.tests.CalculatorTest" time="0.0" />
  <testcase name="testHeader" classname="com.fewstera.injectablemedicinesguide.tests.DownloadDataActivityTest" time="0.538" />
  <testcase name="testMessage" classname="com.fewstera.injectablemedicinesguide.tests.DownloadDataActivityTest" time="0.38" />
  <testcase name="testPreconditions" classname="com.fewstera.injectablemedicinesguide.tests.DownloadDataActivityTest" time="0.384" />
  <testcase name="testProgressBar" classname="com.fewstera.injectablemedicinesguide.tests.DownloadDataActivityTest" time="0.408" />
  <testcase name="testProgressMessage" classname="com.fewstera.injectablemedicinesguide.tests.DownloadDataActivityTest" time="0.46" />
  <testcase name="testAddDrugInformation" classname="com.fewstera.injectablemedicinesguide.tests.DrugTest" time="0.025" />
  <testcase name="testGetDrugInformations" classname="com.fewstera.injectablemedicinesguide.tests.DrugTest" time="0.0010" />
  <testcase name="testGetId" classname="com.fewstera.injectablemedicinesguide.tests.DrugTest" time="0.0" />
  <testcase name="testGetName" classname="com.fewstera.injectablemedicinesguide.tests.DrugTest" time="0.0" />
  <testcase name="testToString" classname="com.fewstera.injectablemedicinesguide.tests.DrugTest" time="0.0" />
  <testcase name="testLoginButton" classname="com.fewstera.injectablemedicinesguide.tests.LoginActivityTest" time="0.332" />
  <testcase name="testPasswordTextView" classname="com.fewstera.injectablemedicinesguide.tests.LoginActivityTest" time="0.433" />
  <testcase name="testPreconditions" classname="com.fewstera.injectablemedicinesguide.tests.LoginActivityTest" time="0.331" />
  <testcase name="testUsernameTextView" classname="com.fewstera.injectablemedicinesguide.tests.LoginActivityTest" time="0.256" />
  <testcase name="testBrowseButton" classname="com.fewstera.injectablemedicinesguide.tests.MainActivityTest" time="0.382" />
  <testcase name="testCalculatorButton" classname="com.fewstera.injectablemedicinesguide.tests.MainActivityTest" time="0.333" />
  <testcase name="testPreconditions" classname="com.fewstera.injectablemedicinesguide.tests.MainActivityTest" time="0.304" />
  <testcase name="testUpdateButton" classname="com.fewstera.injectablemedicinesguide.tests.MainActivityTest" time="0.359" />
  <testcase name="testUpdateText" classname="com.fewstera.injectablemedicinesguide.tests.MainActivityTest" time="0.307" />
  <testcase name="testWelcomeText" classname="com.fewstera.injectablemedicinesguide.tests.MainActivityTest" time="0.408" />
  <testcase name="testDelete" classname="com.fewstera.injectablemedicinesguide.tests.PreferencesTest" time="0.025" />
  <testcase name="testDownloadCompleteBool" classname="com.fewstera.injectablemedicinesguide.tests.PreferencesTest" time="0.0" />
  <testcase name="testSetAndGetString" classname="com.fewstera.injectablemedicinesguide.tests.PreferencesTest" time="0.027" />
  <testcase name="testDrugInfoContent" classname="com.fewstera.injectablemedicinesguide.tests.ViewDrugActivityTest" time="0.483" />
  <testcase name="testDrugInfoHeaders" classname="com.fewstera.injectablemedicinesguide.tests.ViewDrugActivityTest" time="0.435" />
  <testcase name="testDrugInfoHelper" classname="com.fewstera.injectablemedicinesguide.tests.ViewDrugActivityTest" time="0.46" />
  <testcase name="testHeaderTextView" classname="com.fewstera.injectablemedicinesguide.tests.ViewDrugActivityTest" time="0.612" />
  <testcase name="testPreconditions" classname="com.fewstera.injectablemedicinesguide.tests.ViewDrugActivityTest" time="0.482" />
  <testcase name="testTitle" classname="com.fewstera.injectablemedicinesguide.tests.ViewDrugActivityTest" time="0.484" />
</testsuite>